Trial 70 finished with value: 0.42773059010505676 and parameters: {'learning_rate': 0.0008461846433629945, 'dropout_rate': 0.4490430777959807, 'leak_rate_bottleneck': 0.7377313035346594, 'leak_rate_residual': 0.47982165454878223, 'leak_rate': 0.5415769098421309}. Best is trial 23 with value: 0.3883902430534363.

Trial 71 finished with value: 0.42437970638275146 and parameters: {'learning_rate': 0.0027771155973999448, 'dropout_rate': 0.529045856537621, 'leak_rate_bottleneck': 0.6608391154380975, 'leak_rate_residual': 0.367130507381229, 'leak_rate': 0.03156835676139904}. Best is trial 23 with value: 0.3883902430534363.

Trial 72 finished with value: 0.4608588218688965 and parameters: {'learning_rate': 0.002114237741071763, 'dropout_rate': 0.31762552308964326, 'leak_rate_bottleneck': 0.8475153244159387, 'leak_rate_residual': 0.3049807018504999, 'leak_rate': 0.06576148224118239}. Best is trial 23 with value: 0.3883902430534363.

Trial 73 finished with value: 0.5656974911689758 and parameters: {'learning_rate': 0.007163423308595265, 'dropout_rate': 0.39078595636022506, 'leak_rate_bottleneck': 0.7886256364015563, 'leak_rate_residual': 0.5107103510992502, 'leak_rate': 0.6818266424598454}. Best is trial 23 with value: 0.3883902430534363.

Trial 74 finished with value: 0.40376436710357666 and parameters: {'learning_rate': 0.0009700382018449917, 'dropout_rate': 0.4202054771327636, 'leak_rate_bottleneck': 0.6871641754524171, 'leak_rate_residual': 0.4259573335057609, 'leak_rate': 0.00022388659436875513}. Best is trial 23 with value: 0.3883902430534363.

Trial 75 finished with value: 0.4002934992313385 and parameters: {'learning_rate': 0.0006706337696948838, 'dropout_rate': 0.3696406629564872, 'leak_rate_bottleneck': 0.6432048362403011, 'leak_rate_residual': 0.45266169594850364, 'leak_rate': 0.1725482991316989}. Best is trial 23 with value: 0.3883902430534363.

Trial 76 finished with value: 0.5845624208450317 and parameters: {'learning_rate': 0.00017603750365739718, 'dropout_rate': 0.46355294564450017, 'leak_rate_bottleneck': 0.5725061937501924, 'leak_rate_residual': 0.38631997785833105, 'leak_rate': 0.9934974839006698}. Best is trial 23 with value: 0.3883902430534363.

Trial 77 finished with value: 0.4492153525352478 and parameters: {'learning_rate': 0.0013542881478718863, 'dropout_rate': 0.5030241304436367, 'leak_rate_bottleneck': 0.7124984418779725, 'leak_rate_residual': 0.5783092885208444, 'leak_rate': 0.05821660078038226}. Best is trial 23 with value: 0.3883902430534363.

Trial 78 finished with value: 0.3838541805744171 and parameters: {'learning_rate': 0.0003979316594968697, 'dropout_rate': 0.3199795995394189, 'leak_rate_bottleneck': 0.6097616196812661, 'leak_rate_residual': 0.3222777259402005, 'leak_rate': 0.09920207956162555}. Best is trial 78 with value: 0.3838541805744171.

Trial 79 finished with value: 0.4108637273311615 and parameters: {'learning_rate': 0.000421152402717044, 'dropout_rate': 0.27710382610783485, 'leak_rate_bottleneck': 0.5192509312792117, 'leak_rate_residual': 0.25275358431673056, 'leak_rate': 0.08787298544623744}. Best is trial 78 with value: 0.3838541805744171.

Trial 80 finished with value: 0.4433760643005371 and parameters: {'learning_rate': 0.00031031815274996146, 'dropout_rate': 0.3170980159613812, 'leak_rate_bottleneck': 0.6297107321716501, 'leak_rate_residual': 0.33775467508317536, 'leak_rate': 0.20119958993560566}. Best is trial 78 with value: 0.3838541805744171.

Trial 81 finished with value: 0.4007137417793274 and parameters: {'learning_rate': 0.0008504494934819973, 'dropout_rate': 0.3363672995068354, 'leak_rate_bottleneck': 0.5930098905948606, 'leak_rate_residual': 0.30484364819436904, 'leak_rate': 0.02205550840798616}. Best is trial 78 with value: 0.3838541805744171.

Trial 82 finished with value: 0.44972333312034607 and parameters: {'learning_rate': 0.004035750990057746, 'dropout_rate': 0.36756868910970303, 'leak_rate_bottleneck': 0.5461166914122363, 'leak_rate_residual': 0.39436797210504676, 'leak_rate': 0.11470225093537584}. Best is trial 78 with value: 0.3838541805744171.

Trial 83 finished with value: 0.5000596642494202 and parameters: {'learning_rate': 0.0015472903901364939, 'dropout_rate': 0.41162832079634804, 'leak_rate_bottleneck': 0.610781716306189, 'leak_rate_residual': 0.3603421984640758, 'leak_rate': 0.07227536106384566}. Best is trial 78 with value: 0.3838541805744171.

Trial 84 finished with value: 1.7119795083999634 and parameters: {'learning_rate': 0.00021602042016273114, 'dropout_rate': 0.9161400048885292, 'leak_rate_bottleneck': 0.7687928457398747, 'leak_rate_residual': 0.2268306343046303, 'leak_rate': 0.15281266850580796}. Best is trial 78 with value: 0.3838541805744171.

Trial 85 finished with value: 0.5242552757263184 and parameters: {'learning_rate': 2.2255834112334118e-06, 'dropout_rate': 0.2402074609112354, 'leak_rate_bottleneck': 0.6819062773090985, 'leak_rate_residual': 0.2924970891021899, 'leak_rate': 0.09867329547023057}. Best is trial 78 with value: 0.3838541805744171.

Trial 86 finished with value: 0.3945099413394928 and parameters: {'learning_rate': 0.0004219208260549042, 'dropout_rate': 0.306381873661392, 'leak_rate_bottleneck': 0.7268117852567056, 'leak_rate_residual': 0.32550485896167597, 'leak_rate': 0.02395501849129844}. Best is trial 78 with value: 0.3838541805744171.

Trial 87 finished with value: 0.41147586703300476 and parameters: {'learning_rate': 0.0003712590986355667, 'dropout_rate': 0.18003380345211872, 'leak_rate_bottleneck': 0.7256709433796357, 'leak_rate_residual': 0.497224979717774, 'leak_rate': 0.023622706141103463}. Best is trial 78 with value: 0.3838541805744171.

Trial 88 finished with value: 0.5431391596794128 and parameters: {'learning_rate': 0.000525137239981233, 'dropout_rate': 0.30553288075989526, 'leak_rate_bottleneck': 0.659915449177261, 'leak_rate_residual': 0.4326787784282974, 'leak_rate': 0.3884344279379476}. Best is trial 78 with value: 0.3838541805744171.

Trial 89 finished with value: 0.4145030379295349 and parameters: {'learning_rate': 7.27170031356745e-05, 'dropout_rate': 0.2731320441234836, 'leak_rate_bottleneck': 0.7430528433359145, 'leak_rate_residual': 0.4617200008336003, 'leak_rate': 0.061148135364422644}. Best is trial 78 with value: 0.3838541805744171.

Trial 90 finished with value: 0.3946954309940338 and parameters: {'learning_rate': 0.0006644908780982714, 'dropout_rate': 0.3990764796855583, 'leak_rate_bottleneck': 0.507297225033216, 'leak_rate_residual': 0.26601049109339137, 'leak_rate': 0.25736327612922066}. Best is trial 78 with value: 0.3838541805744171.

Trial 91 finished with value: 0.4183221161365509 and parameters: {'learning_rate': 0.0009603085222831066, 'dropout_rate': 0.4295024675823974, 'leak_rate_bottleneck': 0.5119572786572333, 'leak_rate_residual': 0.27635416693064874, 'leak_rate': 0.12214611780440382}. Best is trial 78 with value: 0.3838541805744171.

Trial 92 finished with value: 0.47488757967948914 and parameters: {'learning_rate': 0.000154647613265541, 'dropout_rate': 0.47925569332209894, 'leak_rate_bottleneck': 0.4616390852645642, 'leak_rate_residual': 0.3296010216304345, 'leak_rate': 0.2681587060567099}. Best is trial 78 with value: 0.3838541805744171.

Trial 93 finished with value: 0.4111993610858917 and parameters: {'learning_rate': 0.00023952269435790544, 'dropout_rate': 0.3439697973919406, 'leak_rate_bottleneck': 0.43573602352679475, 'leak_rate_residual': 0.19288479937322642, 'leak_rate': 0.08058374694326818}. Best is trial 78 with value: 0.3838541805744171.

Trial 94 finished with value: 0.3760603070259094 and parameters: {'learning_rate': 0.0006948390709956019, 'dropout_rate': 0.3118702864631845, 'leak_rate_bottleneck': 0.5594111566700163, 'leak_rate_residual': 0.25558680795651695, 'leak_rate': 0.17264751935553224}. Best is trial 94 with value: 0.3760603070259094.

Trial 95 finished with value: 0.4036194980144501 and parameters: {'learning_rate': 0.0007237140914072204, 'dropout_rate': 0.30261660693605524, 'leak_rate_bottleneck': 0.41424442384538596, 'leak_rate_residual': 0.2571350257700582, 'leak_rate': 0.18713001658741615}. Best is trial 94 with value: 0.3760603070259094.

Trial 96 finished with value: 0.3950750529766083 and parameters: {'learning_rate': 0.00039561057912564687, 'dropout_rate': 0.24612649777065848, 'leak_rate_bottleneck': 0.56216709762575, 'leak_rate_residual': 0.12005418998786999, 'leak_rate': 0.1583025165627998}. Best is trial 94 with value: 0.3760603070259094.

Trial 97 finished with value: 0.41574427485466003 and parameters: {'learning_rate': 5.0954347017136686e-05, 'dropout_rate': 0.2363279968235947, 'leak_rate_bottleneck': 0.489344732346437, 'leak_rate_residual': 0.0553399802352475, 'leak_rate': 0.16144309669049528}. Best is trial 94 with value: 0.3760603070259094.

Trial 98 finished with value: 0.38622334599494934 and parameters: {'learning_rate': 0.00043634470995670765, 'dropout_rate': 0.25636921115773975, 'leak_rate_bottleneck': 0.5335914743715728, 'leak_rate_residual': 0.08545229234840296, 'leak_rate': 0.315231103904622}. Best is trial 94 with value: 0.3760603070259094.

Trial 99 finished with value: 0.4253767132759094 and parameters: {'learning_rate': 0.00043363182367904426, 'dropout_rate': 0.31532106464894805, 'leak_rate_bottleneck': 0.3729558107939823, 'leak_rate_residual': 0.08938204863031439, 'leak_rate': 0.3285010571132382}. Best is trial 94 with value: 0.3760603070259094.


